
Error al generar kardex: SQLSTATE[42S22]: Column not found: 1054 Unknown column 'pp.id' in 'order clause'Error al generar kardex: SQLSTATE[42S22]: Column not found: 1054 Unknown column 'pp.id' in 'order clause'Error al generar kardex: SQLSTATE[42S22]: Column not found: 1054 Unknown column 'pp.id' in 'order clause'Error al generar kardex: SQLSTATE[42S22]: Column not found: 1054 Unknown column 'pp.id' in 'order clause'Error al generar kardex: SQLSTATE[42S22]: Column not found: 1054 Unknown column 'pp.id' in 'order clause'Error al generar kardex: SQLSTATE[42S22]: Column not found: 1054 Unknown column 'pp.id' in 'order clause'Error al generar kardex: SQLSTATE[42S22]: Column not found: 1054 Unknown column 'pp.id' in 'order clause'Error al generar kardex: SQLSTATE[42S22]: Column not found: 1054 Unknown column 'pp.id' in 'order clause'Error al generar kardex: SQLSTATE[42S22]: Column not found: 1054 Unknown column 'pp.id' in 'order clause'Error al generar kardex: SQLSTATE[42S22]: Column not found: 1054 Unknown column 'pp.id' in 'order clause'Error al generar kardex: SQLSTATE[42S22]: Column not found: 1054 Unknown column 'pp.id' in 'order clause'Error al generar kardex: SQLSTATE[42S22]: Column not found: 1054 Unknown column 'pp.id' in 'order clause'Error al generar kardex: SQLSTATE[42S22]: Column not found: 1054 Unknown column 'pp.id' in 'order clause'Error obtenerRolesDeUsuario: SQLSTATE[42S22]: Column not found: 1054 Unknown column 'u.id_rol' in 'field list'Error obtenerRolesDeUsuario: SQLSTATE[42S22]: Column not found: 1054 Unknown column 'u.id_rol' in 'field list'Error al obtener pedidos con filtros: SQLSTATE[42S22]: Column not found: 1054 Unknown column 'p.prioridad' in 'field list'Error al obtener pedidos con filtros: SQLSTATE[42S22]: Column not found: 1054 Unknown column 'p.prioridad' in 'field list'Error al obtener pedidos con filtros: SQLSTATE[42S22]: Column not found: 1054 Unknown column 'p.prioridad' in 'field list'Error al obtener pedidos con filtros: SQLSTATE[42S22]: Column not found: 1054 Unknown column 'p.fecha_estimada_entrega' in 'field list'Error al obtener pedidos con filtros: SQLSTATE[42S22]: Column not found: 1054 Unknown column 'p.fecha_estimada_entrega' in 'field list'Error al obtener pedidos con filtros: SQLSTATE[42S22]: Column not found: 1054 Unknown column 'p.fecha_estimada_entrega' in 'field list'Error obtenerRolesDeUsuario: SQLSTATE[42S22]: Column not found: 1054 Unknown column 'u.id_rol' in 'field list'Error obtenerRolesDeUsuario: SQLSTATE[42S22]: Column not found: 1054 Unknown column 'u.id_rol' in 'field list'Error obtenerRolesDeUsuario: SQLSTATE[42S22]: Column not found: 1054 Unknown column 'u.id_rol' in 'field list'LISTAR API - UserID: 10 - Role: 4 - Filters: {"limit":20,"offset":0,"id_proveedor":10,"numero_orden":"88001","id_cliente":10}
Error al obtener pedidos con filtros: SQLSTATE[HY093]: Invalid parameter numberError al obtener pedidos con filtros: SQLSTATE[HY093]: Invalid parameter numberError al obtener pedidos con filtros: SQLSTATE[HY093]: Invalid parameter numberError al obtener pedidos con filtros: SQLSTATE[HY093]: Invalid parameter numberLISTAR API - UserID: 10 - Role: 4 - Filters: {"limit":20,"offset":0,"id_usuario_propietario":10,"numero_orden":"88002","id_cliente":10}
SQL: SELECT 
                        p.id AS ID_Pedido,
                        p.numero_orden AS Numero_Orden,
                        p.destinatario AS Cliente,
                        p.telefono AS Telefono,
                        p.comentario AS Comentario,
                        ST_Y(p.coordenadas) AS latitud, 
                        ST_X(p.coordenadas) AS longitud,
                    p.precio_usd AS PrecioUSD,
                    p.precio_total_local,
                    p.precio_total_usd,
                    p.tasa_conversion_usd,
                        p.fecha_ingreso,
                        ep.nombre_estado AS Estado,
                        m.codigo AS Moneda,
                        uP.nombre AS proveedor,
                        uV.nombre AS vendedor,
                        p.id_proveedor,
                        p.id_cliente
                    FROM pedidos p
                    LEFT JOIN estados_pedidos ep ON ep.id = p.id_estado
                    LEFT JOIN monedas m ON p.id_moneda = m.id
                    LEFT JOIN usuarios uP ON uP.id = p.id_proveedor
                    LEFT JOIN usuarios uV ON uV.id = p.id_vendedor
                    WHERE p.id_cliente = :id_cliente AND (p.id_proveedor = :id_propietario OR p.id_cliente = :id_propietario) AND p.numero_orden LIKE :numero_orden
                    ORDER BY p.fecha_ingreso DESC
                     LIMIT :offset, :limit
PARAMS: {":id_cliente":10,":id_propietario":10,":numero_orden":"%88002%",":offset":0,":limit":20}
Error al obtener pedidos con filtros: SQLSTATE[HY093]: Invalid parameter number