[2025-10-29T19:43:40+01:00] guardarPedidoFormulario POST: cli
_POST: array (
  'numero_orden' => 'TEST-1761763420',
  'destinatario' => 'Prueba Unit',
  'telefono' => '12345678',
  'producto_id' => 3,
  'cantidad_producto' => 1,
  'estado' => 7,
  'vendedor' => 2,
  'proveedor' => 4,
  'moneda' => 2,
  'direccion' => 'Calle Test 123',
  'latitud' => '12.0000',
  'longitud' => '-86.0000',
  'precio_local' => '10.00',
)

[2025-10-29T19:44:26+01:00] guardarPedidoFormulario POST: cli
_POST: array (
  'numero_orden' => 'TEST-1761763466',
  'destinatario' => 'Prueba Unit',
  'telefono' => '12345678',
  'producto_id' => 3,
  'cantidad_producto' => 1,
  'estado' => 7,
  'vendedor' => 2,
  'proveedor' => 4,
  'moneda' => 2,
  'direccion' => 'Calle Test 123',
  'latitud' => '12.0000',
  'longitud' => '-86.0000',
  'precio_local' => '10.00',
)

[2025-10-29T19:44:45+01:00] guardarPedidoFormulario POST: cli
_POST: array (
  'numero_orden' => '1761763485',
  'destinatario' => 'Prueba Unit',
  'telefono' => '12345678',
  'producto_id' => 3,
  'cantidad_producto' => 1,
  'estado' => 7,
  'vendedor' => 2,
  'proveedor' => 4,
  'moneda' => 2,
  'direccion' => 'Calle Test 123',
  'latitud' => '12.0000',
  'longitud' => '-86.0000',
  'precio_local' => '10.00',
)

[2025-10-29T23:06:44+01:00] guardarPedidoFormulario POST: cli
_POST: array (
  'numero_orden' => '1761775604',
  'destinatario' => 'Prueba Unit',
  'telefono' => '12345678',
  'producto_id' => 3,
  'cantidad_producto' => 1,
  'estado' => 7,
  'vendedor' => 3,
  'proveedor' => 1,
  'moneda' => 2,
  'direccion' => 'Calle Test 123',
  'latitud' => '12.0000',
  'longitud' => '-86.0000',
  'precio_local' => '10.00',
)

[2025-10-30T16:24:28+01:00] guardarPedidoFormulario POST: cli
_POST: array (
  'numero_orden' => '1761837868',
  'destinatario' => 'Prueba Unit',
  'telefono' => '12345678',
  'producto_id' => 3,
  'cantidad_producto' => 1,
  'estado' => 7,
  'vendedor' => 3,
  'proveedor' => 1,
  'moneda' => 2,
  'direccion' => 'Calle Test 123',
  'latitud' => '12.0000',
  'longitud' => '-86.0000',
  'precio_local' => '10.00',
)

[2025-10-30T17:03:45+01:00] guardarPedidoFormulario POST: cli
_POST: array (
  'numero_orden' => '1761840225',
  'destinatario' => 'Prueba Unit',
  'telefono' => '12345678',
  'producto_id' => 3,
  'cantidad_producto' => 1,
  'estado' => 7,
  'vendedor' => 3,
  'proveedor' => 1,
  'moneda' => 2,
  'direccion' => 'Calle Test 123',
  'latitud' => '12.0000',
  'longitud' => '-86.0000',
  'precio_local' => '10.00',
)

[2025-10-30T17:10:51+01:00] guardarPedidoFormulario POST: cli
_POST: array (
  'numero_orden' => '1761840651',
  'destinatario' => 'Prueba Unit',
  'telefono' => '12345678',
  'producto_id' => 3,
  'cantidad_producto' => 1,
  'estado' => 7,
  'vendedor' => 3,
  'proveedor' => 1,
  'moneda' => 2,
  'direccion' => 'Calle Test 123',
  'latitud' => '12.0000',
  'longitud' => '-86.0000',
  'precio_local' => '10.00',
)

[2025-10-30T18:05:58+01:00] guardarPedidoFormulario DEBUG: cli
{"numero_orden":"TEST-ERROR","destinatario":"","telefono":"***","producto_id":"","cantidad_producto":"0","estado":"","vendedor":"","proveedor":"","moneda":"","direccion":"[SANITIZED]","latitud":"not-a-number","longitud":"","precio_local":"not-a-number"}

